# JRE version: OpenJDK Runtime Environment (7.0_65-b32) (build 1.7.0_65-b32)
# Java VM: OpenJDK 64-Bit Server VM (24.65-b04 mixed mode linux-amd64 compressed oops)
Heap
 PSYoungGen      total 1769472K, used 454639K [0x0000000755500000, 0x00000007dd100000, 0x0000000800000000)
  eden space 1314816K, 0% used [0x0000000755500000,0x0000000755500000,0x00000007a5900000)
  from space 454656K, 99% used [0x00000007a5900000,0x00000007c14fbe40,0x00000007c1500000)
  to   space 409088K, 0% used [0x00000007c4180000,0x00000007c4180000,0x00000007dd100000)
 ParOldGen       total 1355264K, used 1321796K [0x0000000600000000, 0x0000000652b80000, 0x0000000755500000)
  object space 1355264K, 97% used [0x0000000600000000,0x0000000650ad11f8,0x0000000652b80000)
 PSPermGen       total 81408K, used 48077K [0x00000005f5a00000, 0x00000005fa980000, 0x0000000600000000)
  object space 81408K, 59% used [0x00000005f5a00000,0x00000005f88f3580,0x00000005fa980000)
GC Heap History (10 events):
Event: 75.320 GC heap after
Heap after GC invocations=20 (full 4):
 PSYoungGen      total 1338880K, used 216047K [0x0000000755500000, 0x00000007d1d80000, 0x0000000800000000)
  eden space 1122816K, 0% used [0x0000000755500000,0x0000000755500000,0x0000000799d80000)
  from space 216064K, 99% used [0x00000007ae100000,0x00000007bb3fbcf0,0x00000007bb400000)
  to   space 331264K, 0% used [0x0000000799d80000,0x0000000799d80000,0x00000007ae100000)
 ParOldGen       total 631808K, used 630633K [0x0000000600000000, 0x0000000626900000, 0x0000000755500000)
  object space 631808K, 99% used [0x0000000600000000,0x00000006267da6a8,0x0000000626900000)
 PSPermGen       total 89600K, used 43486K [0x00000005f5a00000, 0x00000005fb180000, 0x0000000600000000)
  object space 89600K, 48% used [0x00000005f5a00000,0x00000005f8477808,0x00000005fb180000)
}
Event: 75.320 GC heap before
{Heap before GC invocations=21 (full 5):
 PSYoungGen      total 1338880K, used 216047K [0x0000000755500000, 0x00000007d1d80000, 0x0000000800000000)
  eden space 1122816K, 0% used [0x0000000755500000,0x0000000755500000,0x0000000799d80000)
  from space 216064K, 99% used [0x00000007ae100000,0x00000007bb3fbcf0,0x00000007bb400000)
  to   space 331264K, 0% used [0x0000000799d80000,0x0000000799d80000,0x00000007ae100000)
 ParOldGen       total 631808K, used 630633K [0x0000000600000000, 0x0000000626900000, 0x0000000755500000)
  object space 631808K, 99% used [0x0000000600000000,0x00000006267da6a8,0x0000000626900000)
 PSPermGen       total 89600K, used 43486K [0x00000005f5a00000, 0x00000005fb180000, 0x0000000600000000)
  object space 89600K, 48% used [0x00000005f5a00000,0x00000005f8477808,0x00000005fb180000)
Event: 77.197 GC heap after
Heap after GC invocations=21 (full 5):
 PSYoungGen      total 1338880K, used 154883K [0x0000000755500000, 0x00000007d1d80000, 0x0000000800000000)
  eden space 1122816K, 0% used [0x0000000755500000,0x0000000755500000,0x0000000799d80000)
  from space 216064K, 71% used [0x00000007ae100000,0x00000007b7840e98,0x00000007bb400000)
  to   space 331264K, 0% used [0x0000000799d80000,0x0000000799d80000,0x00000007ae100000)
 ParOldGen       total 939008K, used 631765K [0x0000000600000000, 0x0000000639500000, 0x0000000755500000)
  object space 939008K, 67% used [0x0000000600000000,0x00000006268f5610,0x0000000639500000)
 PSPermGen       total 86016K, used 43485K [0x00000005f5a00000, 0x00000005fae00000, 0x0000000600000000)
  object space 86016K, 50% used [0x00000005f5a00000,0x00000005f84777a8,0x00000005fae00000)
}
Event: 79.592 GC heap before
{Heap before GC invocations=22 (full 5):
 PSYoungGen      total 1338880K, used 1277699K [0x0000000755500000, 0x00000007d1d80000, 0x0000000800000000)
  eden space 1122816K, 100% used [0x0000000755500000,0x0000000799d80000,0x0000000799d80000)
  from space 216064K, 71% used [0x00000007ae100000,0x00000007b7840e98,0x00000007bb400000)
  to   space 331264K, 0% used [0x0000000799d80000,0x0000000799d80000,0x00000007ae100000)
 ParOldGen       total 939008K, used 631765K [0x0000000600000000, 0x0000000639500000, 0x0000000755500000)
  object space 939008K, 67% used [0x0000000600000000,0x00000006268f5610,0x0000000639500000)
 PSPermGen       total 86016K, used 43531K [0x00000005f5a00000, 0x00000005fae00000, 0x0000000600000000)
  object space 86016K, 50% used [0x00000005f5a00000,0x00000005f8482f08,0x00000005fae00000)
Event: 80.856 GC heap after
Heap after GC invocations=22 (full 5):
 PSYoungGen      total 1454080K, used 331232K [0x0000000755500000, 0x00000007e1980000, 0x0000000800000000)
  eden space 1122816K, 0% used [0x0000000755500000,0x0000000755500000,0x0000000799d80000)
  from space 331264K, 99% used [0x0000000799d80000,0x00000007ae0f8020,0x00000007ae100000)
  to   space 483328K, 0% used [0x00000007c4180000,0x00000007c4180000,0x00000007e1980000)
 ParOldGen       total 939008K, used 881881K [0x0000000600000000, 0x0000000639500000, 0x0000000755500000)
  object space 939008K, 93% used [0x0000000600000000,0x0000000635d36750,0x0000000639500000)
 PSPermGen       total 86016K, used 43531K [0x00000005f5a00000, 0x00000005fae00000, 0x0000000600000000)
  object space 86016K, 50% used [0x00000005f5a00000,0x00000005f8482f08,0x00000005fae00000)
}
Event: 80.856 GC heap before
{Heap before GC invocations=23 (full 6):
 PSYoungGen      total 1454080K, used 331232K [0x0000000755500000, 0x00000007e1980000, 0x0000000800000000)
  eden space 1122816K, 0% used [0x0000000755500000,0x0000000755500000,0x0000000799d80000)
  from space 331264K, 99% used [0x0000000799d80000,0x00000007ae0f8020,0x00000007ae100000)
  to   space 483328K, 0% used [0x00000007c4180000,0x00000007c4180000,0x00000007e1980000)
 ParOldGen       total 939008K, used 881881K [0x0000000600000000, 0x0000000639500000, 0x0000000755500000)
  object space 939008K, 93% used [0x0000000600000000,0x0000000635d36750,0x0000000639500000)
 PSPermGen       total 86016K, used 43531K [0x00000005f5a00000, 0x00000005fae00000, 0x0000000600000000)
  object space 86016K, 50% used [0x00000005f5a00000,0x00000005f8482f08,0x00000005fae00000)
Event: 82.799 GC heap after
Heap after GC invocations=23 (full 6):
 PSYoungGen      total 1454080K, used 163808K [0x0000000755500000, 0x00000007e1980000, 0x0000000800000000)
  eden space 1122816K, 0% used [0x0000000755500000,0x0000000755500000,0x0000000799d80000)
  from space 331264K, 49% used [0x0000000799d80000,0x00000007a3d78290,0x00000007ae100000)
  to   space 483328K, 0% used [0x00000007c4180000,0x00000007c4180000,0x00000007e1980000)
 ParOldGen       total 1355264K, used 938503K [0x0000000600000000, 0x0000000652b80000, 0x0000000755500000)
  object space 1355264K, 69% used [0x0000000600000000,0x0000000639481cf0,0x0000000652b80000)
 PSPermGen       total 81408K, used 43531K [0x00000005f5a00000, 0x00000005fa980000, 0x0000000600000000)
  object space 81408K, 53% used [0x00000005f5a00000,0x00000005f8482e88,0x00000005fa980000)
}
Event: 85.002 GC heap before
{Heap before GC invocations=24 (full 6):
 PSYoungGen      total 1454080K, used 1286624K [0x0000000755500000, 0x00000007e1980000, 0x0000000800000000)
  eden space 1122816K, 100% used [0x0000000755500000,0x0000000799d80000,0x0000000799d80000)
  from space 331264K, 49% used [0x0000000799d80000,0x00000007a3d78290,0x00000007ae100000)
  to   space 483328K, 0% used [0x00000007c4180000,0x00000007c4180000,0x00000007e1980000)
 ParOldGen       total 1355264K, used 938503K [0x0000000600000000, 0x0000000652b80000, 0x0000000755500000)
  object space 1355264K, 69% used [0x0000000600000000,0x0000000639481cf0,0x0000000652b80000)
 PSPermGen       total 81408K, used 43538K [0x00000005f5a00000, 0x00000005fa980000, 0x0000000600000000)
  object space 81408K, 53% used [0x00000005f5a00000,0x00000005f8484a90,0x00000005fa980000)
Event: 86.037 GC heap after
Heap after GC invocations=24 (full 6):
 PSYoungGen      total 1723904K, used 136320K [0x0000000755500000, 0x00000007dd100000, 0x0000000800000000)
  eden space 1314816K, 0% used [0x0000000755500000,0x0000000755500000,0x00000007a5900000)
  from space 409088K, 33% used [0x00000007c4180000,0x00000007cc6a0020,0x00000007dd100000)
  to   space 454656K, 0% used [0x00000007a5900000,0x00000007a5900000,0x00000007c1500000)
 ParOldGen       total 1355264K, used 1104047K [0x0000000600000000, 0x0000000652b80000, 0x0000000755500000)
  object space 1355264K, 81% used [0x0000000600000000,0x000000064362bcf0,0x0000000652b80000)
 PSPermGen       total 81408K, used 43538K [0x00000005f5a00000, 0x00000005fa980000, 0x0000000600000000)
  object space 81408K, 53% used [0x00000005f5a00000,0x00000005f8484a90,0x00000005fa980000)
}
Event: 90.229 GC heap before
{Heap before GC invocations=25 (full 6):
 PSYoungGen      total 1723904K, used 1451136K [0x0000000755500000, 0x00000007dd100000, 0x0000000800000000)
  eden space 1314816K, 100% used [0x0000000755500000,0x00000007a5900000,0x00000007a5900000)
  from space 409088K, 33% used [0x00000007c4180000,0x00000007cc6a0020,0x00000007dd100000)
  to   space 454656K, 0% used [0x00000007a5900000,0x00000007a5900000,0x00000007c1500000)
 ParOldGen       total 1355264K, used 1104047K [0x0000000600000000, 0x0000000652b80000, 0x0000000755500000)
  object space 1355264K, 81% used [0x0000000600000000,0x000000064362bcf0,0x0000000652b80000)
 PSPermGen       total 81408K, used 48077K [0x00000005f5a00000, 0x00000005fa980000, 0x0000000600000000)
  object space 81408K, 59% used [0x00000005f5a00000,0x00000005f88f3580,0x00000005fa980000)

