# JRE version: OpenJDK Runtime Environment (7.0_65-b32) (build 1.7.0_65-b32)
# Java VM: OpenJDK 64-Bit Server VM (24.65-b04 mixed mode linux-amd64 compressed oops)
Heap
 PSYoungGen      total 1428992K, used 413184K [0x0000000755500000, 0x00000007d1600000, 0x0000000800000000)
  eden space 1015808K, 0% used [0x0000000755500000,0x0000000755500000,0x0000000793500000)
  from space 413184K, 100% used [0x00000007b8280000,0x00000007d1600000,0x00000007d1600000)
  to   space 349184K, 0% used [0x0000000793500000,0x0000000793500000,0x00000007a8a00000)
 ParOldGen       total 1629696K, used 1522163K [0x0000000600000000, 0x0000000663780000, 0x0000000755500000)
  object space 1629696K, 93% used [0x0000000600000000,0x000000065ce7cea0,0x0000000663780000)
 PSPermGen       total 81920K, used 48197K [0x00000005f5a00000, 0x00000005faa00000, 0x0000000600000000)
  object space 81920K, 58% used [0x00000005f5a00000,0x00000005f89115f0,0x00000005faa00000)
GC Heap History (10 events):
Event: 72.240 GC heap after
Heap after GC invocations=25 (full 5):
 PSYoungGen      total 968192K, used 0K [0x0000000755500000, 0x00000007bf700000, 0x0000000800000000)
  eden space 817152K, 0% used [0x0000000755500000,0x0000000755500000,0x0000000787300000)
  from space 151040K, 0% used [0x000000079ac80000,0x000000079ac80000,0x00000007a4000000)
  to   space 321024K, 0% used [0x0000000787300000,0x0000000787300000,0x000000079ac80000)
 ParOldGen       total 1324032K, used 915300K [0x0000000600000000, 0x0000000650d00000, 0x0000000755500000)
  object space 1324032K, 69% used [0x0000000600000000,0x0000000637dd90b8,0x0000000650d00000)
 PSPermGen       total 86016K, used 43631K [0x00000005f5a00000, 0x00000005fae00000, 0x0000000600000000)
  object space 86016K, 50% used [0x00000005f5a00000,0x00000005f849bcf0,0x00000005fae00000)
}
Event: 73.879 GC heap before
{Heap before GC invocations=26 (full 5):
 PSYoungGen      total 968192K, used 817152K [0x0000000755500000, 0x00000007bf700000, 0x0000000800000000)
  eden space 817152K, 100% used [0x0000000755500000,0x0000000787300000,0x0000000787300000)
  from space 151040K, 0% used [0x000000079ac80000,0x000000079ac80000,0x00000007a4000000)
  to   space 321024K, 0% used [0x0000000787300000,0x0000000787300000,0x000000079ac80000)
 ParOldGen       total 1324032K, used 915300K [0x0000000600000000, 0x0000000650d00000, 0x0000000755500000)
  object space 1324032K, 69% used [0x0000000600000000,0x0000000637dd90b8,0x0000000650d00000)
 PSPermGen       total 86016K, used 43680K [0x00000005f5a00000, 0x00000005fae00000, 0x0000000600000000)
  object space 86016K, 50% used [0x00000005f5a00000,0x00000005f84a8000,0x00000005fae00000)
Event: 74.161 GC heap after
Heap after GC invocations=26 (full 5):
 PSYoungGen      total 1138176K, used 279520K [0x0000000755500000, 0x00000007bf000000, 0x0000000800000000)
  eden space 817152K, 0% used [0x0000000755500000,0x0000000755500000,0x0000000787300000)
  from space 321024K, 87% used [0x0000000787300000,0x00000007983f8020,0x000000079ac80000)
  to   space 364032K, 0% used [0x00000007a8c80000,0x00000007a8c80000,0x00000007bf000000)
 ParOldGen       total 1324032K, used 915300K [0x0000000600000000, 0x0000000650d00000, 0x0000000755500000)
  object space 1324032K, 69% used [0x0000000600000000,0x0000000637dd90b8,0x0000000650d00000)
 PSPermGen       total 86016K, used 43680K [0x00000005f5a00000, 0x00000005fae00000, 0x0000000600000000)
  object space 86016K, 50% used [0x00000005f5a00000,0x00000005f84a8000,0x00000005fae00000)
}
Event: 75.698 GC heap before
{Heap before GC invocations=27 (full 5):
 PSYoungGen      total 1138176K, used 1096672K [0x0000000755500000, 0x00000007bf000000, 0x0000000800000000)
  eden space 817152K, 100% used [0x0000000755500000,0x0000000787300000,0x0000000787300000)
  from space 321024K, 87% used [0x0000000787300000,0x00000007983f8020,0x000000079ac80000)
  to   space 364032K, 0% used [0x00000007a8c80000,0x00000007a8c80000,0x00000007bf000000)
 ParOldGen       total 1324032K, used 915300K [0x0000000600000000, 0x0000000650d00000, 0x0000000755500000)
  object space 1324032K, 69% used [0x0000000600000000,0x0000000637dd90b8,0x0000000650d00000)
 PSPermGen       total 86016K, used 43681K [0x00000005f5a00000, 0x00000005fae00000, 0x0000000600000000)
  object space 86016K, 50% used [0x00000005f5a00000,0x00000005f84a8708,0x00000005fae00000)
Event: 76.135 GC heap after
Heap after GC invocations=27 (full 5):
 PSYoungGen      total 1362432K, used 68160K [0x0000000755500000, 0x00000007bdf00000, 0x0000000800000000)
  eden space 1015808K, 0% used [0x0000000755500000,0x0000000755500000,0x0000000793500000)
  from space 346624K, 19% used [0x00000007a8c80000,0x00000007acf10010,0x00000007bdf00000)
  to   space 349184K, 0% used [0x0000000793500000,0x0000000793500000,0x00000007a8a00000)
 ParOldGen       total 1324032K, used 1179722K [0x0000000600000000, 0x0000000650d00000, 0x0000000755500000)
  object space 1324032K, 89% used [0x0000000600000000,0x00000006480128d8,0x0000000650d00000)
 PSPermGen       total 86016K, used 43681K [0x00000005f5a00000, 0x00000005fae00000, 0x0000000600000000)
  object space 86016K, 50% used [0x00000005f5a00000,0x00000005f84a8708,0x00000005fae00000)
}
Event: 76.135 GC heap before
{Heap before GC invocations=28 (full 6):
 PSYoungGen      total 1362432K, used 68160K [0x0000000755500000, 0x00000007bdf00000, 0x0000000800000000)
  eden space 1015808K, 0% used [0x0000000755500000,0x0000000755500000,0x0000000793500000)
  from space 346624K, 19% used [0x00000007a8c80000,0x00000007acf10010,0x00000007bdf00000)
  to   space 349184K, 0% used [0x0000000793500000,0x0000000793500000,0x00000007a8a00000)
 ParOldGen       total 1324032K, used 1179722K [0x0000000600000000, 0x0000000650d00000, 0x0000000755500000)
  object space 1324032K, 89% used [0x0000000600000000,0x00000006480128d8,0x0000000650d00000)
 PSPermGen       total 86016K, used 43681K [0x00000005f5a00000, 0x00000005fae00000, 0x0000000600000000)
  object space 86016K, 50% used [0x00000005f5a00000,0x00000005f84a8708,0x00000005fae00000)
Event: 77.690 GC heap after
Heap after GC invocations=28 (full 6):
 PSYoungGen      total 1362432K, used 0K [0x0000000755500000, 0x00000007bdf00000, 0x0000000800000000)
  eden space 1015808K, 0% used [0x0000000755500000,0x0000000755500000,0x0000000793500000)
  from space 346624K, 0% used [0x00000007a8c80000,0x00000007a8c80000,0x00000007bdf00000)
  to   space 349184K, 0% used [0x0000000793500000,0x0000000793500000,0x00000007a8a00000)
 ParOldGen       total 1629696K, used 1136469K [0x0000000600000000, 0x0000000663780000, 0x0000000755500000)
  object space 1629696K, 69% used [0x0000000600000000,0x00000006455d5680,0x0000000663780000)
 PSPermGen       total 81920K, used 43681K [0x00000005f5a00000, 0x00000005faa00000, 0x0000000600000000)
  object space 81920K, 53% used [0x00000005f5a00000,0x00000005f84a8668,0x00000005faa00000)
}
Event: 80.142 GC heap before
{Heap before GC invocations=29 (full 6):
 PSYoungGen      total 1362432K, used 1015808K [0x0000000755500000, 0x00000007bdf00000, 0x0000000800000000)
  eden space 1015808K, 100% used [0x0000000755500000,0x0000000793500000,0x0000000793500000)
  from space 346624K, 0% used [0x00000007a8c80000,0x00000007a8c80000,0x00000007bdf00000)
  to   space 349184K, 0% used [0x0000000793500000,0x0000000793500000,0x00000007a8a00000)
 ParOldGen       total 1629696K, used 1136469K [0x0000000600000000, 0x0000000663780000, 0x0000000755500000)
  object space 1629696K, 69% used [0x0000000600000000,0x00000006455d5680,0x0000000663780000)
 PSPermGen       total 81920K, used 48196K [0x00000005f5a00000, 0x00000005faa00000, 0x0000000600000000)
  object space 81920K, 58% used [0x00000005f5a00000,0x00000005f8911238,0x00000005faa00000)
Event: 80.363 GC heap after
Heap after GC invocations=29 (full 6):
 PSYoungGen      total 1364992K, used 349167K [0x0000000755500000, 0x00000007d1600000, 0x0000000800000000)
  eden space 1015808K, 0% used [0x0000000755500000,0x0000000755500000,0x0000000793500000)
  from space 349184K, 99% used [0x0000000793500000,0x00000007a89fbe40,0x00000007a8a00000)
  to   space 413184K, 0% used [0x00000007b8280000,0x00000007b8280000,0x00000007d1600000)
 ParOldGen       total 1629696K, used 1140328K [0x0000000600000000, 0x0000000663780000, 0x0000000755500000)
  object space 1629696K, 69% used [0x0000000600000000,0x000000064599a128,0x0000000663780000)
 PSPermGen       total 81920K, used 48196K [0x00000005f5a00000, 0x00000005faa00000, 0x0000000600000000)
  object space 81920K, 58% used [0x00000005f5a00000,0x00000005f8911238,0x00000005faa00000)
}
Event: 81.620 GC heap before
{Heap before GC invocations=30 (full 6):
 PSYoungGen      total 1364992K, used 1364975K [0x0000000755500000, 0x00000007d1600000, 0x0000000800000000)
  eden space 1015808K, 100% used [0x0000000755500000,0x0000000793500000,0x0000000793500000)
  from space 349184K, 99% used [0x0000000793500000,0x00000007a89fbe40,0x00000007a8a00000)
  to   space 413184K, 0% used [0x00000007b8280000,0x00000007b8280000,0x00000007d1600000)
 ParOldGen       total 1629696K, used 1140328K [0x0000000600000000, 0x0000000663780000, 0x0000000755500000)
  object space 1629696K, 69% used [0x0000000600000000,0x000000064599a128,0x0000000663780000)
 PSPermGen       total 81920K, used 48197K [0x00000005f5a00000, 0x00000005faa00000, 0x0000000600000000)
  object space 81920K, 58% used [0x00000005f5a00000,0x00000005f89115f0,0x00000005faa00000)

