# JRE version: OpenJDK Runtime Environment (7.0_65-b32) (build 1.7.0_65-b32)
# Java VM: OpenJDK 64-Bit Server VM (24.65-b04 mixed mode linux-amd64 compressed oops)
Heap
 PSYoungGen      total 1393152K, used 363503K [0x0000000755500000, 0x00000007c2e00000, 0x0000000800000000)
  eden space 1029632K, 0% used [0x0000000755500000,0x0000000755500000,0x0000000794280000)
  from space 363520K, 99% used [0x0000000794280000,0x00000007aa57be30,0x00000007aa580000)
  to   space 341504K, 0% used [0x00000007aa580000,0x00000007aa580000,0x00000007bf300000)
 ParOldGen       total 1549824K, used 1434412K [0x0000000600000000, 0x000000065e980000, 0x0000000755500000)
  object space 1549824K, 92% used [0x0000000600000000,0x00000006578cb298,0x000000065e980000)
 PSPermGen       total 81408K, used 48098K [0x00000005f5a00000, 0x00000005fa980000, 0x0000000600000000)
  object space 81408K, 59% used [0x00000005f5a00000,0x00000005f88f89d8,0x00000005fa980000)
GC Heap History (10 events):
Event: 76.231 GC heap after
Heap after GC invocations=24 (full 5):
 PSYoungGen      total 1088000K, used 0K [0x0000000755500000, 0x00000007ac200000, 0x0000000800000000)
  eden space 956416K, 0% used [0x0000000755500000,0x0000000755500000,0x000000078fb00000)
  from space 131584K, 0% used [0x000000078fb00000,0x000000078fb00000,0x0000000797b80000)
  to   space 148992K, 0% used [0x00000007a3080000,0x00000007a3080000,0x00000007ac200000)
 ParOldGen       total 899072K, used 617638K [0x0000000600000000, 0x0000000636e00000, 0x0000000755500000)
  object space 899072K, 68% used [0x0000000600000000,0x0000000625b29800,0x0000000636e00000)
 PSPermGen       total 85504K, used 43403K [0x00000005f5a00000, 0x00000005fad80000, 0x0000000600000000)
  object space 85504K, 50% used [0x00000005f5a00000,0x00000005f8462d48,0x00000005fad80000)
}
Event: 77.276 GC heap before
{Heap before GC invocations=25 (full 5):
 PSYoungGen      total 1088000K, used 956416K [0x0000000755500000, 0x00000007ac200000, 0x0000000800000000)
  eden space 956416K, 100% used [0x0000000755500000,0x000000078fb00000,0x000000078fb00000)
  from space 131584K, 0% used [0x000000078fb00000,0x000000078fb00000,0x0000000797b80000)
  to   space 148992K, 0% used [0x00000007a3080000,0x00000007a3080000,0x00000007ac200000)
 ParOldGen       total 899072K, used 617638K [0x0000000600000000, 0x0000000636e00000, 0x0000000755500000)
  object space 899072K, 68% used [0x0000000600000000,0x0000000625b29800,0x0000000636e00000)
 PSPermGen       total 85504K, used 43512K [0x00000005f5a00000, 0x00000005fad80000, 0x0000000600000000)
  object space 85504K, 50% used [0x00000005f5a00000,0x00000005f847e188,0x00000005fad80000)
Event: 78.463 GC heap after
Heap after GC invocations=25 (full 5):
 PSYoungGen      total 1078784K, used 148975K [0x0000000755500000, 0x00000007c4c00000, 0x0000000800000000)
  eden space 929792K, 0% used [0x0000000755500000,0x0000000755500000,0x000000078e100000)
  from space 148992K, 99% used [0x00000007a3080000,0x00000007ac1fbd00,0x00000007ac200000)
  to   space 343552K, 0% used [0x000000078e100000,0x000000078e100000,0x00000007a3080000)
 ParOldGen       total 1076224K, used 1075982K [0x0000000600000000, 0x0000000641b00000, 0x0000000755500000)
  object space 1076224K, 99% used [0x0000000600000000,0x0000000641ac3bf0,0x0000000641b00000)
 PSPermGen       total 85504K, used 43512K [0x00000005f5a00000, 0x00000005fad80000, 0x0000000600000000)
  object space 85504K, 50% used [0x00000005f5a00000,0x00000005f847e188,0x00000005fad80000)
}
Event: 78.463 GC heap before
{Heap before GC invocations=26 (full 6):
 PSYoungGen      total 1078784K, used 148975K [0x0000000755500000, 0x00000007c4c00000, 0x0000000800000000)
  eden space 929792K, 0% used [0x0000000755500000,0x0000000755500000,0x000000078e100000)
  from space 148992K, 99% used [0x00000007a3080000,0x00000007ac1fbd00,0x00000007ac200000)
  to   space 343552K, 0% used [0x000000078e100000,0x000000078e100000,0x00000007a3080000)
 ParOldGen       total 1076224K, used 1075982K [0x0000000600000000, 0x0000000641b00000, 0x0000000755500000)
  object space 1076224K, 99% used [0x0000000600000000,0x0000000641ac3bf0,0x0000000641b00000)
 PSPermGen       total 85504K, used 43512K [0x00000005f5a00000, 0x00000005fad80000, 0x0000000600000000)
  object space 85504K, 50% used [0x00000005f5a00000,0x00000005f847e188,0x00000005fad80000)
Event: 80.151 GC heap after
Heap after GC invocations=26 (full 6):
 PSYoungGen      total 1078784K, used 24463K [0x0000000755500000, 0x00000007c4c00000, 0x0000000800000000)
  eden space 929792K, 0% used [0x0000000755500000,0x0000000755500000,0x000000078e100000)
  from space 148992K, 16% used [0x00000007a3080000,0x00000007a4863c18,0x00000007ac200000)
  to   space 343552K, 0% used [0x000000078e100000,0x000000078e100000,0x00000007a3080000)
 ParOldGen       total 1549824K, used 1075840K [0x0000000600000000, 0x000000065e980000, 0x0000000755500000)
  object space 1549824K, 69% used [0x0000000600000000,0x0000000641aa0268,0x000000065e980000)
 PSPermGen       total 81408K, used 43512K [0x00000005f5a00000, 0x00000005fa980000, 0x0000000600000000)
  object space 81408K, 53% used [0x00000005f5a00000,0x00000005f847e108,0x00000005fa980000)
}
Event: 82.617 GC heap before
{Heap before GC invocations=27 (full 6):
 PSYoungGen      total 1078784K, used 954255K [0x0000000755500000, 0x00000007c4c00000, 0x0000000800000000)
  eden space 929792K, 100% used [0x0000000755500000,0x000000078e100000,0x000000078e100000)
  from space 148992K, 16% used [0x00000007a3080000,0x00000007a4863c18,0x00000007ac200000)
  to   space 343552K, 0% used [0x000000078e100000,0x000000078e100000,0x00000007a3080000)
 ParOldGen       total 1549824K, used 1075840K [0x0000000600000000, 0x000000065e980000, 0x0000000755500000)
  object space 1549824K, 69% used [0x0000000600000000,0x0000000641aa0268,0x000000065e980000)
 PSPermGen       total 81408K, used 43554K [0x00000005f5a00000, 0x00000005fa980000, 0x0000000600000000)
  object space 81408K, 53% used [0x00000005f5a00000,0x00000005f8488868,0x00000005fa980000)
Event: 82.907 GC heap after
Heap after GC invocations=27 (full 6):
 PSYoungGen      total 1273344K, used 169472K [0x0000000755500000, 0x00000007bf300000, 0x0000000800000000)
  eden space 929792K, 0% used [0x0000000755500000,0x0000000755500000,0x000000078e100000)
  from space 343552K, 49% used [0x000000078e100000,0x0000000798680020,0x00000007a3080000)
  to   space 341504K, 0% used [0x00000007aa580000,0x00000007aa580000,0x00000007bf300000)
 ParOldGen       total 1549824K, used 1075840K [0x0000000600000000, 0x000000065e980000, 0x0000000755500000)
  object space 1549824K, 69% used [0x0000000600000000,0x0000000641aa0268,0x000000065e980000)
 PSPermGen       total 81408K, used 43554K [0x00000005f5a00000, 0x00000005fa980000, 0x0000000600000000)
  object space 81408K, 53% used [0x00000005f5a00000,0x00000005f8488868,0x00000005fa980000)
}
Event: 85.029 GC heap before
{Heap before GC invocations=28 (full 6):
 PSYoungGen      total 1273344K, used 1098926K [0x0000000755500000, 0x00000007bf300000, 0x0000000800000000)
  eden space 929792K, 99% used [0x0000000755500000,0x000000078e0ab840,0x000000078e100000)
  from space 343552K, 49% used [0x000000078e100000,0x0000000798680020,0x00000007a3080000)
  to   space 341504K, 0% used [0x00000007aa580000,0x00000007aa580000,0x00000007bf300000)
 ParOldGen       total 1549824K, used 1075840K [0x0000000600000000, 0x000000065e980000, 0x0000000755500000)
  object space 1549824K, 69% used [0x0000000600000000,0x0000000641aa0268,0x000000065e980000)
 PSPermGen       total 81408K, used 43562K [0x00000005f5a00000, 0x00000005fa980000, 0x0000000600000000)
  object space 81408K, 53% used [0x00000005f5a00000,0x00000005f848a850,0x00000005fa980000)
Event: 85.478 GC heap after
Heap after GC invocations=28 (full 6):
 PSYoungGen      total 1371136K, used 237568K [0x0000000755500000, 0x00000007c2e00000, 0x0000000800000000)
  eden space 1029632K, 0% used [0x0000000755500000,0x0000000755500000,0x0000000794280000)
  from space 341504K, 69% used [0x00000007aa580000,0x00000007b8d80020,0x00000007bf300000)
  to   space 363520K, 0% used [0x0000000794280000,0x0000000794280000,0x00000007aa580000)
 ParOldGen       total 1549824K, used 1212032K [0x0000000600000000, 0x000000065e980000, 0x0000000755500000)
  object space 1549824K, 78% used [0x0000000600000000,0x0000000649fa0278,0x000000065e980000)
 PSPermGen       total 81408K, used 43562K [0x00000005f5a00000, 0x00000005fa980000, 0x0000000600000000)
  object space 81408K, 53% used [0x00000005f5a00000,0x00000005f848a850,0x00000005fa980000)
}
Event: 87.882 GC heap before
{Heap before GC invocations=29 (full 6):
 PSYoungGen      total 1371136K, used 1267200K [0x0000000755500000, 0x00000007c2e00000, 0x0000000800000000)
  eden space 1029632K, 100% used [0x0000000755500000,0x0000000794280000,0x0000000794280000)
  from space 341504K, 69% used [0x00000007aa580000,0x00000007b8d80020,0x00000007bf300000)
  to   space 363520K, 0% used [0x0000000794280000,0x0000000794280000,0x00000007aa580000)
 ParOldGen       total 1549824K, used 1212032K [0x0000000600000000, 0x000000065e980000, 0x0000000755500000)
  object space 1549824K, 78% used [0x0000000600000000,0x0000000649fa0278,0x000000065e980000)
 PSPermGen       total 81408K, used 48098K [0x00000005f5a00000, 0x00000005fa980000, 0x0000000600000000)
  object space 81408K, 59% used [0x00000005f5a00000,0x00000005f88f89d8,0x00000005fa980000)

